<?xml version="1.0" encoding="UTF-8"?>
<coverage generated="1752165014145" clover="3.2.0">
  <project timestamp="1752165014145" name="All files">
    <metrics statements="180" coveredstatements="162" conditionals="23" coveredconditionals="16" methods="119" coveredmethods="105" elements="322" coveredelements="283" complexity="0" loc="180" ncloc="180" packages="2" files="4" classes="4"/>
    <package name="models">
      <metrics statements="58" coveredstatements="45" conditionals="5" coveredconditionals="2" methods="43" coveredmethods="30"/>
      <file name="TagGameModel.ts" path="/Users/aonotakeshi/workspace/DeviceFieldPlay/models/TagGameModel.ts">
        <metrics statements="46" coveredstatements="35" conditionals="5" coveredconditionals="2" methods="34" coveredmethods="23"/>
        <line num="36" count="45" type="stmt"/>
        <line num="37" count="45" type="stmt"/>
        <line num="38" count="45" type="stmt"/>
        <line num="39" count="45" type="stmt"/>
        <line num="40" count="45" type="stmt"/>
        <line num="41" count="45" type="stmt"/>
        <line num="42" count="45" type="stmt"/>
        <line num="43" count="45" type="cond" truecount="2" falsecount="0"/>
        <line num="44" count="45" type="stmt"/>
        <line num="46" count="45" type="stmt"/>
        <line num="47" count="45" type="stmt"/>
        <line num="49" count="45" type="stmt"/>
        <line num="54" count="2" type="stmt"/>
        <line num="58" count="1" type="stmt"/>
        <line num="63" count="31" type="stmt"/>
        <line num="67" count="65" type="stmt"/>
        <line num="72" count="18" type="stmt"/>
        <line num="76" count="52" type="stmt"/>
        <line num="81" count="1" type="stmt"/>
        <line num="85" count="1" type="stmt"/>
        <line num="90" count="4" type="stmt"/>
        <line num="94" count="2" type="stmt"/>
        <line num="99" count="2" type="stmt"/>
        <line num="103" count="1" type="stmt"/>
        <line num="104" count="1" type="stmt"/>
        <line num="109" count="0" type="stmt"/>
        <line num="113" count="0" type="stmt"/>
        <line num="117" count="0" type="stmt"/>
        <line num="122" count="1" type="stmt"/>
        <line num="128" count="1" type="stmt"/>
        <line num="133" count="1" type="stmt"/>
        <line num="139" count="1" type="stmt"/>
        <line num="144" count="23" type="stmt"/>
        <line num="148" count="55" type="stmt"/>
        <line num="152" count="0" type="stmt"/>
        <line num="156" count="0" type="stmt"/>
        <line num="160" count="0" type="stmt"/>
        <line num="164" count="0" type="stmt"/>
        <line num="168" count="2" type="stmt"/>
        <line num="169" count="2" type="stmt"/>
        <line num="170" count="2" type="stmt"/>
        <line num="171" count="2" type="stmt"/>
        <line num="176" count="0" type="stmt"/>
        <line num="178" count="0" type="stmt"/>
        <line num="179" count="0" type="stmt"/>
        <line num="183" count="0" type="stmt"/>
      </file>
      <file name="UserModel.ts" path="/Users/aonotakeshi/workspace/DeviceFieldPlay/models/UserModel.ts">
        <metrics statements="12" coveredstatements="10" conditionals="0" coveredconditionals="0" methods="9" coveredmethods="7"/>
        <line num="19" count="195" type="stmt"/>
        <line num="20" count="195" type="stmt"/>
        <line num="21" count="195" type="stmt"/>
        <line num="23" count="195" type="stmt"/>
        <line num="27" count="81" type="stmt"/>
        <line num="31" count="1" type="stmt"/>
        <line num="35" count="3" type="stmt"/>
        <line num="39" count="1" type="stmt"/>
        <line num="43" count="1" type="stmt"/>
        <line num="47" count="0" type="stmt"/>
        <line num="51" count="2" type="stmt"/>
        <line num="55" count="0" type="stmt"/>
      </file>
    </package>
    <package name="stores">
      <metrics statements="122" coveredstatements="117" conditionals="18" coveredconditionals="14" methods="76" coveredmethods="75"/>
      <file name="TagGameStore.ts" path="/Users/aonotakeshi/workspace/DeviceFieldPlay/stores/TagGameStore.ts">
        <metrics statements="108" coveredstatements="103" conditionals="12" coveredconditionals="8" methods="70" coveredmethods="69"/>
        <line num="40" count="44" type="stmt"/>
        <line num="41" count="44" type="stmt"/>
        <line num="46" count="44" type="stmt"/>
        <line num="57" count="44" type="stmt"/>
        <line num="58" count="44" type="stmt"/>
        <line num="60" count="44" type="stmt"/>
        <line num="61" count="44" type="stmt"/>
        <line num="62" count="44" type="stmt"/>
        <line num="63" count="44" type="stmt"/>
        <line num="64" count="44" type="stmt"/>
        <line num="65" count="44" type="stmt"/>
        <line num="66" count="44" type="stmt"/>
        <line num="71" count="1" type="stmt"/>
        <line num="76" count="1" type="stmt"/>
        <line num="77" count="1" type="stmt"/>
        <line num="79" count="1" type="stmt"/>
        <line num="84" count="2" type="stmt"/>
        <line num="85" count="6" type="stmt"/>
        <line num="87" count="2" type="stmt"/>
        <line num="92" count="65" type="stmt"/>
        <line num="101" count="3" type="stmt"/>
        <line num="110" count="3" type="stmt"/>
        <line num="122" count="7" type="stmt"/>
        <line num="124" count="5" type="stmt"/>
        <line num="126" count="8" type="stmt"/>
        <line num="127" count="5" type="stmt"/>
        <line num="129" count="5" type="stmt"/>
        <line num="130" count="5" type="cond" truecount="1" falsecount="1"/>
        <line num="132" count="5" type="stmt"/>
        <line num="133" count="5" type="stmt"/>
        <line num="135" count="5" type="stmt"/>
        <line num="139" count="2" type="stmt"/>
        <line num="144" count="1" type="stmt"/>
        <line num="148" count="0" type="stmt"/>
        <line num="149" count="0" type="stmt"/>
        <line num="150" count="0" type="cond" truecount="0" falsecount="2"/>
        <line num="152" count="0" type="stmt"/>
        <line num="153" count="0" type="stmt"/>
        <line num="158" count="52" type="stmt"/>
        <line num="165" count="1" type="stmt"/>
        <line num="169" count="1" type="stmt"/>
        <line num="176" count="1" type="stmt"/>
        <line num="180" count="1" type="stmt"/>
        <line num="185" count="55" type="stmt"/>
        <line num="189" count="18" type="stmt"/>
        <line num="193" count="17" type="stmt"/>
        <line num="198" count="3" type="stmt"/>
        <line num="203" count="6" type="stmt"/>
        <line num="205" count="5" type="stmt"/>
        <line num="206" count="6" type="stmt"/>
        <line num="208" count="5" type="stmt"/>
        <line num="218" count="1" type="stmt"/>
        <line num="219" count="1" type="stmt"/>
        <line num="220" count="1" type="stmt"/>
        <line num="229" count="1" type="stmt"/>
        <line num="230" count="1" type="stmt"/>
        <line num="235" count="1" type="stmt"/>
        <line num="236" count="1" type="stmt"/>
        <line num="237" count="1" type="stmt"/>
        <line num="242" count="1" type="stmt"/>
        <line num="243" count="1" type="stmt"/>
        <line num="244" count="1" type="stmt"/>
        <line num="249" count="1" type="stmt"/>
        <line num="250" count="1" type="stmt"/>
        <line num="251" count="1" type="stmt"/>
        <line num="256" count="1" type="stmt"/>
        <line num="259" count="1" type="stmt"/>
        <line num="262" count="1" type="stmt"/>
        <line num="269" count="4" type="stmt"/>
        <line num="273" count="4" type="stmt"/>
        <line num="277" count="13" type="stmt"/>
        <line num="281" count="2" type="stmt"/>
        <line num="285" count="2" type="stmt"/>
        <line num="289" count="6" type="stmt"/>
        <line num="291" count="3" type="stmt"/>
        <line num="296" count="5" type="stmt"/>
        <line num="298" count="3" type="stmt"/>
        <line num="303" count="4" type="stmt"/>
        <line num="305" count="3" type="stmt"/>
        <line num="310" count="10" type="stmt"/>
        <line num="314" count="4" type="cond" truecount="2" falsecount="0"/>
        <line num="318" count="2" type="cond" truecount="2" falsecount="0"/>
        <line num="324" count="3" type="cond" truecount="2" falsecount="0"/>
        <line num="328" count="2" type="stmt"/>
        <line num="336" count="3" type="stmt"/>
        <line num="337" count="3" type="stmt"/>
        <line num="338" count="6" type="stmt"/>
        <line num="341" count="3" type="stmt"/>
        <line num="350" count="2" type="stmt"/>
        <line num="355" count="1" type="stmt"/>
        <line num="361" count="2" type="stmt"/>
        <line num="362" count="2" type="stmt"/>
        <line num="367" count="1" type="stmt"/>
        <line num="368" count="1" type="stmt"/>
        <line num="373" count="2" type="stmt"/>
        <line num="378" count="1" type="stmt"/>
        <line num="383" count="2" type="stmt"/>
        <line num="388" count="1" type="stmt"/>
        <line num="393" count="2" type="stmt"/>
        <line num="398" count="1" type="stmt"/>
        <line num="403" count="2" type="stmt"/>
        <line num="408" count="1" type="stmt"/>
        <line num="413" count="2" type="stmt"/>
        <line num="418" count="1" type="stmt"/>
        <line num="425" count="2" type="stmt"/>
        <line num="426" count="2" type="stmt"/>
        <line num="428" count="8" type="stmt"/>
        <line num="433" count="2" type="stmt"/>
      </file>
      <file name="UserStore.ts" path="/Users/aonotakeshi/workspace/DeviceFieldPlay/stores/UserStore.ts">
        <metrics statements="14" coveredstatements="14" conditionals="6" coveredconditionals="6" methods="6" coveredmethods="6"/>
        <line num="6" count="1" type="stmt"/>
        <line num="17" count="1" type="stmt"/>
        <line num="18" count="1" type="stmt"/>
        <line num="23" count="2" type="stmt"/>
        <line num="28" count="1" type="stmt"/>
        <line num="32" count="21" type="stmt"/>
        <line num="36" count="2" type="stmt"/>
        <line num="40" count="4" type="cond" truecount="2" falsecount="0"/>
        <line num="41" count="1" type="stmt"/>
        <line num="42" count="3" type="cond" truecount="2" falsecount="0"/>
        <line num="43" count="1" type="stmt"/>
        <line num="44" count="2" type="cond" truecount="2" falsecount="0"/>
        <line num="45" count="1" type="stmt"/>
        <line num="46" count="1" type="stmt"/>
      </file>
    </package>
  </project>
</coverage>
