{"/Users/aonotakeshi/workspace/DeviceFieldPlay/models/TagGameModel.ts": {"path":"/Users/aonotakeshi/workspace/DeviceFieldPlay/models/TagGameModel.ts","statementMap":{"0":{"start":{"line":36,"column":4},"end":{"line":36,"column":17}},"1":{"start":{"line":37,"column":4},"end":{"line":37,"column":24}},"2":{"start":{"line":38,"column":4},"end":{"line":38,"column":26}},"3":{"start":{"line":39,"column":4},"end":{"line":39,"column":26}},"4":{"start":{"line":40,"column":4},"end":{"line":40,"column":33}},"5":{"start":{"line":41,"column":4},"end":{"line":41,"column":33}},"6":{"start":{"line":42,"column":4},"end":{"line":42,"column":37}},"7":{"start":{"line":43,"column":4},"end":{"line":43,"column":69}},"8":{"start":{"line":44,"column":4},"end":{"line":44,"column":39}},"9":{"start":{"line":46,"column":4},"end":{"line":46,"column":36}},"10":{"start":{"line":47,"column":4},"end":{"line":47,"column":37}},"11":{"start":{"line":49,"column":4},"end":{"line":49,"column":29}},"12":{"start":{"line":54,"column":4},"end":{"line":54,"column":19}},"13":{"start":{"line":58,"column":4},"end":{"line":58,"column":17}},"14":{"start":{"line":63,"column":4},"end":{"line":63,"column":26}},"15":{"start":{"line":67,"column":4},"end":{"line":67,"column":31}},"16":{"start":{"line":72,"column":4},"end":{"line":72,"column":28}},"17":{"start":{"line":76,"column":4},"end":{"line":76,"column":35}},"18":{"start":{"line":81,"column":4},"end":{"line":81,"column":33}},"19":{"start":{"line":85,"column":4},"end":{"line":85,"column":33}},"20":{"start":{"line":90,"column":4},"end":{"line":90,"column":33}},"21":{"start":{"line":94,"column":4},"end":{"line":94,"column":33}},"22":{"start":{"line":99,"column":4},"end":{"line":99,"column":29}},"23":{"start":{"line":103,"column":4},"end":{"line":103,"column":37}},"24":{"start":{"line":104,"column":4},"end":{"line":104,"column":16}},"25":{"start":{"line":109,"column":4},"end":{"line":109,"column":30}},"26":{"start":{"line":113,"column":4},"end":{"line":113,"column":39}},"27":{"start":{"line":117,"column":4},"end":{"line":117,"column":30}},"28":{"start":{"line":122,"column":4},"end":{"line":122,"column":35}},"29":{"start":{"line":128,"column":4},"end":{"line":128,"column":49}},"30":{"start":{"line":133,"column":4},"end":{"line":133,"column":36}},"31":{"start":{"line":139,"column":4},"end":{"line":139,"column":51}},"32":{"start":{"line":144,"column":4},"end":{"line":144,"column":28}},"33":{"start":{"line":148,"column":4},"end":{"line":148,"column":35}},"34":{"start":{"line":152,"column":4},"end":{"line":152,"column":30}},"35":{"start":{"line":156,"column":4},"end":{"line":156,"column":39}},"36":{"start":{"line":160,"column":4},"end":{"line":160,"column":25}},"37":{"start":{"line":164,"column":4},"end":{"line":164,"column":54}},"38":{"start":{"line":168,"column":4},"end":{"line":172,"column":6}},"39":{"start":{"line":169,"column":38},"end":{"line":169,"column":50}},"40":{"start":{"line":170,"column":40},"end":{"line":170,"column":52}},"41":{"start":{"line":171,"column":40},"end":{"line":171,"column":52}},"42":{"start":{"line":176,"column":4},"end":{"line":186,"column":6}},"43":{"start":{"line":178,"column":46},"end":{"line":178,"column":58}},"44":{"start":{"line":179,"column":50},"end":{"line":179,"column":62}},"45":{"start":{"line":183,"column":50},"end":{"line":183,"column":62}}},"fnMap":{"0":{"name":"(anonymous_0)","decl":{"start":{"line":28,"column":2},"end":{"line":28,"column":3}},"loc":{"start":{"line":35,"column":24},"end":{"line":50,"column":3}},"line":35},"1":{"name":"(anonymous_1)","decl":{"start":{"line":53,"column":2},"end":{"line":53,"column":3}},"loc":{"start":{"line":53,"column":31},"end":{"line":55,"column":3}},"line":53},"2":{"name":"(anonymous_2)","decl":{"start":{"line":57,"column":2},"end":{"line":57,"column":3}},"loc":{"start":{"line":57,"column":39},"end":{"line":59,"column":3}},"line":57},"3":{"name":"(anonymous_3)","decl":{"start":{"line":62,"column":2},"end":{"line":62,"column":3}},"loc":{"start":{"line":62,"column":30},"end":{"line":64,"column":3}},"line":62},"4":{"name":"(anonymous_4)","decl":{"start":{"line":66,"column":2},"end":{"line":66,"column":3}},"loc":{"start":{"line":66,"column":45},"end":{"line":68,"column":3}},"line":66},"5":{"name":"(anonymous_5)","decl":{"start":{"line":71,"column":2},"end":{"line":71,"column":3}},"loc":{"start":{"line":71,"column":32},"end":{"line":73,"column":3}},"line":71},"6":{"name":"(anonymous_6)","decl":{"start":{"line":75,"column":2},"end":{"line":75,"column":3}},"loc":{"start":{"line":75,"column":49},"end":{"line":77,"column":3}},"line":75},"7":{"name":"(anonymous_7)","decl":{"start":{"line":80,"column":2},"end":{"line":80,"column":3}},"loc":{"start":{"line":80,"column":47},"end":{"line":82,"column":3}},"line":80},"8":{"name":"(anonymous_8)","decl":{"start":{"line":84,"column":2},"end":{"line":84,"column":3}},"loc":{"start":{"line":84,"column":63},"end":{"line":86,"column":3}},"line":84},"9":{"name":"(anonymous_9)","decl":{"start":{"line":89,"column":2},"end":{"line":89,"column":3}},"loc":{"start":{"line":89,"column":47},"end":{"line":91,"column":3}},"line":89},"10":{"name":"(anonymous_10)","decl":{"start":{"line":93,"column":2},"end":{"line":93,"column":3}},"loc":{"start":{"line":93,"column":63},"end":{"line":95,"column":3}},"line":93},"11":{"name":"(anonymous_11)","decl":{"start":{"line":98,"column":2},"end":{"line":98,"column":3}},"loc":{"start":{"line":98,"column":51},"end":{"line":100,"column":3}},"line":98},"12":{"name":"(anonymous_12)","decl":{"start":{"line":102,"column":2},"end":{"line":102,"column":3}},"loc":{"start":{"line":102,"column":63},"end":{"line":105,"column":3}},"line":102},"13":{"name":"(anonymous_13)","decl":{"start":{"line":108,"column":2},"end":{"line":108,"column":3}},"loc":{"start":{"line":108,"column":35},"end":{"line":110,"column":3}},"line":108},"14":{"name":"(anonymous_14)","decl":{"start":{"line":112,"column":2},"end":{"line":112,"column":3}},"loc":{"start":{"line":112,"column":47},"end":{"line":114,"column":3}},"line":112},"15":{"name":"(anonymous_15)","decl":{"start":{"line":116,"column":2},"end":{"line":116,"column":3}},"loc":{"start":{"line":116,"column":29},"end":{"line":118,"column":3}},"line":116},"16":{"name":"(anonymous_16)","decl":{"start":{"line":121,"column":2},"end":{"line":121,"column":3}},"loc":{"start":{"line":121,"column":72},"end":{"line":123,"column":3}},"line":121},"17":{"name":"(anonymous_17)","decl":{"start":{"line":125,"column":2},"end":{"line":125,"column":3}},"loc":{"start":{"line":127,"column":10},"end":{"line":129,"column":3}},"line":127},"18":{"name":"(anonymous_18)","decl":{"start":{"line":132,"column":2},"end":{"line":132,"column":3}},"loc":{"start":{"line":132,"column":74},"end":{"line":134,"column":3}},"line":132},"19":{"name":"(anonymous_19)","decl":{"start":{"line":136,"column":2},"end":{"line":136,"column":3}},"loc":{"start":{"line":138,"column":10},"end":{"line":140,"column":3}},"line":138},"20":{"name":"(anonymous_20)","decl":{"start":{"line":143,"column":2},"end":{"line":143,"column":3}},"loc":{"start":{"line":143,"column":32},"end":{"line":145,"column":3}},"line":143},"21":{"name":"(anonymous_21)","decl":{"start":{"line":147,"column":2},"end":{"line":147,"column":3}},"loc":{"start":{"line":147,"column":49},"end":{"line":149,"column":3}},"line":147},"22":{"name":"(anonymous_22)","decl":{"start":{"line":151,"column":2},"end":{"line":151,"column":3}},"loc":{"start":{"line":151,"column":37},"end":{"line":153,"column":3}},"line":151},"23":{"name":"(anonymous_23)","decl":{"start":{"line":155,"column":2},"end":{"line":155,"column":3}},"loc":{"start":{"line":155,"column":56},"end":{"line":157,"column":3}},"line":155},"24":{"name":"(anonymous_24)","decl":{"start":{"line":159,"column":2},"end":{"line":159,"column":3}},"loc":{"start":{"line":159,"column":14},"end":{"line":161,"column":3}},"line":159},"25":{"name":"(anonymous_25)","decl":{"start":{"line":163,"column":2},"end":{"line":163,"column":3}},"loc":{"start":{"line":163,"column":31},"end":{"line":165,"column":3}},"line":163},"26":{"name":"(anonymous_26)","decl":{"start":{"line":167,"column":2},"end":{"line":167,"column":3}},"loc":{"start":{"line":167,"column":18},"end":{"line":173,"column":3}},"line":167},"27":{"name":"(anonymous_27)","decl":{"start":{"line":169,"column":28},"end":{"line":169,"column":29}},"loc":{"start":{"line":169,"column":38},"end":{"line":169,"column":50}},"line":169},"28":{"name":"(anonymous_28)","decl":{"start":{"line":170,"column":30},"end":{"line":170,"column":31}},"loc":{"start":{"line":170,"column":40},"end":{"line":170,"column":52}},"line":170},"29":{"name":"(anonymous_29)","decl":{"start":{"line":171,"column":30},"end":{"line":171,"column":31}},"loc":{"start":{"line":171,"column":40},"end":{"line":171,"column":52}},"line":171},"30":{"name":"(anonymous_30)","decl":{"start":{"line":175,"column":2},"end":{"line":175,"column":3}},"loc":{"start":{"line":175,"column":28},"end":{"line":187,"column":3}},"line":175},"31":{"name":"(anonymous_31)","decl":{"start":{"line":178,"column":36},"end":{"line":178,"column":37}},"loc":{"start":{"line":178,"column":46},"end":{"line":178,"column":58}},"line":178},"32":{"name":"(anonymous_32)","decl":{"start":{"line":179,"column":40},"end":{"line":179,"column":41}},"loc":{"start":{"line":179,"column":50},"end":{"line":179,"column":62}},"line":179},"33":{"name":"(anonymous_33)","decl":{"start":{"line":183,"column":40},"end":{"line":183,"column":41}},"loc":{"start":{"line":183,"column":50},"end":{"line":183,"column":62}},"line":183}},"branchMap":{"0":{"loc":{"start":{"line":29,"column":4},"end":{"line":29,"column":11}},"type":"default-arg","locations":[{"start":{"line":29,"column":9},"end":{"line":29,"column":11}}],"line":29},"1":{"loc":{"start":{"line":43,"column":25},"end":{"line":43,"column":68}},"type":"cond-expr","locations":[{"start":{"line":43,"column":41},"end":{"line":43,"column":61}},{"start":{"line":43,"column":64},"end":{"line":43,"column":68}}],"line":43},"2":{"loc":{"start":{"line":184,"column":21},"end":{"line":184,"column":79}},"type":"cond-expr","locations":[{"start":{"line":184,"column":42},"end":{"line":184,"column":74}},{"start":{"line":184,"column":77},"end":{"line":184,"column":79}}],"line":184}},"s":{"0":7,"1":7,"2":7,"3":7,"4":7,"5":7,"6":7,"7":7,"8":7,"9":7,"10":7,"11":7,"12":0,"13":0,"14":4,"15":1,"16":3,"17":1,"18":1,"19":1,"20":0,"21":0,"22":2,"23":1,"24":1,"25":0,"26":0,"27":0,"28":0,"29":0,"30":0,"31":0,"32":5,"33":1,"34":0,"35":0,"36":0,"37":0,"38":0,"39":0,"40":0,"41":0,"42":0,"43":0,"44":0,"45":0},"f":{"0":7,"1":0,"2":0,"3":4,"4":1,"5":3,"6":1,"7":1,"8":1,"9":0,"10":0,"11":2,"12":1,"13":0,"14":0,"15":0,"16":0,"17":0,"18":0,"19":0,"20":5,"21":1,"22":0,"23":0,"24":0,"25":0,"26":0,"27":0,"28":0,"29":0,"30":0,"31":0,"32":0,"33":0},"b":{"0":[0],"1":[1,6],"2":[0,0]},"_coverageSchema":"1a1c01bbd47fc00a2c39e90264f33305004495a9","hash":"82e021bc87c84831532700a7da7fddea4105d09f"}
,"/Users/aonotakeshi/workspace/DeviceFieldPlay/models/UserModel.ts": {"path":"/Users/aonotakeshi/workspace/DeviceFieldPlay/models/UserModel.ts","statementMap":{"0":{"start":{"line":19,"column":4},"end":{"line":19,"column":17}},"1":{"start":{"line":20,"column":4},"end":{"line":20,"column":21}},"2":{"start":{"line":21,"column":4},"end":{"line":21,"column":29}},"3":{"start":{"line":23,"column":4},"end":{"line":23,"column":29}},"4":{"start":{"line":27,"column":4},"end":{"line":27,"column":19}},"5":{"start":{"line":31,"column":4},"end":{"line":31,"column":17}},"6":{"start":{"line":35,"column":4},"end":{"line":35,"column":21}},"7":{"start":{"line":39,"column":4},"end":{"line":39,"column":21}},"8":{"start":{"line":43,"column":4},"end":{"line":43,"column":25}},"9":{"start":{"line":47,"column":4},"end":{"line":47,"column":29}},"10":{"start":{"line":51,"column":4},"end":{"line":51,"column":55}},"11":{"start":{"line":55,"column":4},"end":{"line":59,"column":7}}},"fnMap":{"0":{"name":"(anonymous_0)","decl":{"start":{"line":18,"column":2},"end":{"line":18,"column":3}},"loc":{"start":{"line":18,"column":45},"end":{"line":24,"column":3}},"line":18},"1":{"name":"(anonymous_1)","decl":{"start":{"line":26,"column":2},"end":{"line":26,"column":3}},"loc":{"start":{"line":26,"column":10},"end":{"line":28,"column":3}},"line":26},"2":{"name":"(anonymous_2)","decl":{"start":{"line":30,"column":2},"end":{"line":30,"column":3}},"loc":{"start":{"line":30,"column":20},"end":{"line":32,"column":3}},"line":30},"3":{"name":"(anonymous_3)","decl":{"start":{"line":34,"column":2},"end":{"line":34,"column":3}},"loc":{"start":{"line":34,"column":12},"end":{"line":36,"column":3}},"line":34},"4":{"name":"(anonymous_4)","decl":{"start":{"line":38,"column":2},"end":{"line":38,"column":3}},"loc":{"start":{"line":38,"column":24},"end":{"line":40,"column":3}},"line":38},"5":{"name":"(anonymous_5)","decl":{"start":{"line":42,"column":2},"end":{"line":42,"column":3}},"loc":{"start":{"line":42,"column":16},"end":{"line":44,"column":3}},"line":42},"6":{"name":"(anonymous_6)","decl":{"start":{"line":46,"column":2},"end":{"line":46,"column":3}},"loc":{"start":{"line":46,"column":32},"end":{"line":48,"column":3}},"line":46},"7":{"name":"(anonymous_7)","decl":{"start":{"line":50,"column":2},"end":{"line":50,"column":3}},"loc":{"start":{"line":50,"column":51},"end":{"line":52,"column":3}},"line":50},"8":{"name":"(anonymous_8)","decl":{"start":{"line":54,"column":2},"end":{"line":54,"column":3}},"loc":{"start":{"line":54,"column":71},"end":{"line":60,"column":3}},"line":54}},"branchMap":{},"s":{"0":2,"1":2,"2":2,"3":2,"4":14,"5":1,"6":3,"7":1,"8":1,"9":0,"10":2,"11":0},"f":{"0":2,"1":14,"2":1,"3":3,"4":1,"5":1,"6":0,"7":2,"8":0},"b":{},"_coverageSchema":"1a1c01bbd47fc00a2c39e90264f33305004495a9","hash":"187c62b3bfad715141b6f0875a198d19f211a8d0"}
,"/Users/aonotakeshi/workspace/DeviceFieldPlay/stores/TagGameStore.ts": {"path":"/Users/aonotakeshi/workspace/DeviceFieldPlay/stores/TagGameStore.ts","statementMap":{"0":{"start":{"line":40,"column":4},"end":{"line":40,"column":25}},"1":{"start":{"line":41,"column":4},"end":{"line":41,"column":22}},"2":{"start":{"line":46,"column":4},"end":{"line":56,"column":7}},"3":{"start":{"line":57,"column":4},"end":{"line":57,"column":29}},"4":{"start":{"line":58,"column":4},"end":{"line":58,"column":30}},"5":{"start":{"line":60,"column":4},"end":{"line":60,"column":43}},"6":{"start":{"line":61,"column":4},"end":{"line":61,"column":40}},"7":{"start":{"line":62,"column":4},"end":{"line":62,"column":40}},"8":{"start":{"line":63,"column":4},"end":{"line":63,"column":42}},"9":{"start":{"line":64,"column":4},"end":{"line":64,"column":43}},"10":{"start":{"line":65,"column":4},"end":{"line":65,"column":41}},"11":{"start":{"line":66,"column":4},"end":{"line":66,"column":41}},"12":{"start":{"line":71,"column":4},"end":{"line":71,"column":34}},"13":{"start":{"line":76,"column":34},"end":{"line":78,"column":6}},"14":{"start":{"line":77,"column":6},"end":{"line":77,"column":43}},"15":{"start":{"line":79,"column":4},"end":{"line":79,"column":61}},"16":{"start":{"line":84,"column":34},"end":{"line":86,"column":6}},"17":{"start":{"line":85,"column":6},"end":{"line":85,"column":43}},"18":{"start":{"line":87,"column":4},"end":{"line":87,"column":61}},"19":{"start":{"line":92,"column":4},"end":{"line":92,"column":48}},"20":{"start":{"line":101,"column":4},"end":{"line":101,"column":73}},"21":{"start":{"line":110,"column":4},"end":{"line":113,"column":7}},"22":{"start":{"line":122,"column":28},"end":{"line":122,"column":76}},"23":{"start":{"line":122,"column":62},"end":{"line":122,"column":74}},"24":{"start":{"line":124,"column":30},"end":{"line":126,"column":59}},"25":{"start":{"line":126,"column":24},"end":{"line":126,"column":58}},"26":{"start":{"line":127,"column":4},"end":{"line":127,"column":41}},"27":{"start":{"line":129,"column":24},"end":{"line":129,"column":60}},"28":{"start":{"line":130,"column":4},"end":{"line":130,"column":42}},"29":{"start":{"line":130,"column":35},"end":{"line":130,"column":42}},"30":{"start":{"line":132,"column":32},"end":{"line":134,"column":5}},"31":{"start":{"line":133,"column":16},"end":{"line":133,"column":50}},"32":{"start":{"line":135,"column":4},"end":{"line":135,"column":45}},"33":{"start":{"line":139,"column":4},"end":{"line":139,"column":28}},"34":{"start":{"line":144,"column":4},"end":{"line":144,"column":35}},"35":{"start":{"line":148,"column":23},"end":{"line":148,"column":57}},"36":{"start":{"line":149,"column":24},"end":{"line":149,"column":60}},"37":{"start":{"line":150,"column":4},"end":{"line":150,"column":40}},"38":{"start":{"line":150,"column":22},"end":{"line":150,"column":40}},"39":{"start":{"line":152,"column":4},"end":{"line":152,"column":36}},"40":{"start":{"line":153,"column":4},"end":{"line":153,"column":22}},"41":{"start":{"line":158,"column":4},"end":{"line":158,"column":52}},"42":{"start":{"line":165,"column":4},"end":{"line":165,"column":66}},"43":{"start":{"line":169,"column":4},"end":{"line":169,"column":55}},"44":{"start":{"line":176,"column":4},"end":{"line":176,"column":68}},"45":{"start":{"line":180,"column":4},"end":{"line":180,"column":56}},"46":{"start":{"line":185,"column":4},"end":{"line":185,"column":52}},"47":{"start":{"line":189,"column":4},"end":{"line":189,"column":46}},"48":{"start":{"line":193,"column":4},"end":{"line":193,"column":48}},"49":{"start":{"line":198,"column":4},"end":{"line":198,"column":62}},"50":{"start":{"line":203,"column":28},"end":{"line":203,"column":76}},"51":{"start":{"line":203,"column":62},"end":{"line":203,"column":74}},"52":{"start":{"line":205,"column":26},"end":{"line":207,"column":5}},"53":{"start":{"line":206,"column":16},"end":{"line":206,"column":50}},"54":{"start":{"line":208,"column":4},"end":{"line":208,"column":39}},"55":{"start":{"line":218,"column":4},"end":{"line":218,"column":44}},"56":{"start":{"line":219,"column":4},"end":{"line":219,"column":48}},"57":{"start":{"line":220,"column":4},"end":{"line":220,"column":48}},"58":{"start":{"line":229,"column":4},"end":{"line":229,"column":33}},"59":{"start":{"line":230,"column":4},"end":{"line":230,"column":34}},"60":{"start":{"line":235,"column":4},"end":{"line":235,"column":33}},"61":{"start":{"line":236,"column":4},"end":{"line":236,"column":34}},"62":{"start":{"line":237,"column":4},"end":{"line":237,"column":31}},"63":{"start":{"line":242,"column":4},"end":{"line":242,"column":33}},"64":{"start":{"line":243,"column":4},"end":{"line":243,"column":34}},"65":{"start":{"line":244,"column":4},"end":{"line":244,"column":34}},"66":{"start":{"line":249,"column":4},"end":{"line":249,"column":33}},"67":{"start":{"line":250,"column":4},"end":{"line":250,"column":34}},"68":{"start":{"line":251,"column":4},"end":{"line":251,"column":36}},"69":{"start":{"line":256,"column":4},"end":{"line":258,"column":6}},"70":{"start":{"line":259,"column":4},"end":{"line":261,"column":6}},"71":{"start":{"line":262,"column":4},"end":{"line":264,"column":6}},"72":{"start":{"line":269,"column":4},"end":{"line":269,"column":37}},"73":{"start":{"line":273,"column":4},"end":{"line":273,"column":29}},"74":{"start":{"line":277,"column":4},"end":{"line":277,"column":31}},"75":{"start":{"line":281,"column":4},"end":{"line":281,"column":49}},"76":{"start":{"line":285,"column":4},"end":{"line":285,"column":64}},"77":{"start":{"line":289,"column":4},"end":{"line":292,"column":30}},"78":{"start":{"line":291,"column":21},"end":{"line":291,"column":33}},"79":{"start":{"line":296,"column":4},"end":{"line":299,"column":30}},"80":{"start":{"line":298,"column":21},"end":{"line":298,"column":33}},"81":{"start":{"line":303,"column":4},"end":{"line":306,"column":30}},"82":{"start":{"line":305,"column":21},"end":{"line":305,"column":33}},"83":{"start":{"line":310,"column":4},"end":{"line":310,"column":44}},"84":{"start":{"line":314,"column":4},"end":{"line":314,"column":56}},"85":{"start":{"line":318,"column":4},"end":{"line":320,"column":20}},"86":{"start":{"line":324,"column":4},"end":{"line":324,"column":62}},"87":{"start":{"line":328,"column":4},"end":{"line":328,"column":35}},"88":{"start":{"line":336,"column":4},"end":{"line":346,"column":7}},"89":{"start":{"line":337,"column":27},"end":{"line":339,"column":21}},"90":{"start":{"line":338,"column":22},"end":{"line":338,"column":51}},"91":{"start":{"line":341,"column":6},"end":{"line":345,"column":9}},"92":{"start":{"line":350,"column":4},"end":{"line":350,"column":42}},"93":{"start":{"line":355,"column":4},"end":{"line":355,"column":48}},"94":{"start":{"line":361,"column":4},"end":{"line":361,"column":55}},"95":{"start":{"line":362,"column":4},"end":{"line":362,"column":39}},"96":{"start":{"line":367,"column":4},"end":{"line":367,"column":31}},"97":{"start":{"line":368,"column":4},"end":{"line":368,"column":40}},"98":{"start":{"line":373,"column":4},"end":{"line":373,"column":39}},"99":{"start":{"line":378,"column":4},"end":{"line":378,"column":40}},"100":{"start":{"line":383,"column":4},"end":{"line":383,"column":41}},"101":{"start":{"line":388,"column":4},"end":{"line":388,"column":42}},"102":{"start":{"line":393,"column":4},"end":{"line":393,"column":42}},"103":{"start":{"line":398,"column":4},"end":{"line":398,"column":43}},"104":{"start":{"line":403,"column":4},"end":{"line":403,"column":40}},"105":{"start":{"line":408,"column":4},"end":{"line":408,"column":41}},"106":{"start":{"line":413,"column":4},"end":{"line":413,"column":40}},"107":{"start":{"line":418,"column":4},"end":{"line":418,"column":41}},"108":{"start":{"line":425,"column":23},"end":{"line":425,"column":58}},"109":{"start":{"line":426,"column":26},"end":{"line":431,"column":6}},"110":{"start":{"line":428,"column":37},"end":{"line":428,"column":70}},"111":{"start":{"line":433,"column":4},"end":{"line":436,"column":6}}},"fnMap":{"0":{"name":"(anonymous_0)","decl":{"start":{"line":39,"column":2},"end":{"line":39,"column":3}},"loc":{"start":{"line":39,"column":16},"end":{"line":42,"column":3}},"line":39},"1":{"name":"(anonymous_1)","decl":{"start":{"line":44,"column":2},"end":{"line":44,"column":3}},"loc":{"start":{"line":45,"column":22},"end":{"line":67,"column":3}},"line":45},"2":{"name":"(anonymous_2)","decl":{"start":{"line":69,"column":2},"end":{"line":69,"column":3}},"loc":{"start":{"line":70,"column":43},"end":{"line":72,"column":3}},"line":70},"3":{"name":"(anonymous_3)","decl":{"start":{"line":74,"column":2},"end":{"line":74,"column":3}},"loc":{"start":{"line":75,"column":77},"end":{"line":80,"column":3}},"line":75},"4":{"name":"(anonymous_4)","decl":{"start":{"line":76,"column":49},"end":{"line":76,"column":50}},"loc":{"start":{"line":76,"column":68},"end":{"line":78,"column":5}},"line":76},"5":{"name":"(anonymous_5)","decl":{"start":{"line":82,"column":2},"end":{"line":82,"column":3}},"loc":{"start":{"line":83,"column":78},"end":{"line":88,"column":3}},"line":83},"6":{"name":"(anonymous_6)","decl":{"start":{"line":84,"column":49},"end":{"line":84,"column":50}},"loc":{"start":{"line":84,"column":68},"end":{"line":86,"column":5}},"line":84},"7":{"name":"(anonymous_7)","decl":{"start":{"line":90,"column":2},"end":{"line":90,"column":3}},"loc":{"start":{"line":91,"column":46},"end":{"line":93,"column":3}},"line":91},"8":{"name":"(anonymous_8)","decl":{"start":{"line":99,"column":2},"end":{"line":99,"column":3}},"loc":{"start":{"line":100,"column":47},"end":{"line":102,"column":3}},"line":100},"9":{"name":"(anonymous_9)","decl":{"start":{"line":108,"column":2},"end":{"line":108,"column":3}},"loc":{"start":{"line":109,"column":49},"end":{"line":114,"column":3}},"line":109},"10":{"name":"(anonymous_10)","decl":{"start":{"line":120,"column":2},"end":{"line":120,"column":3}},"loc":{"start":{"line":121,"column":52},"end":{"line":136,"column":3}},"line":121},"11":{"name":"(anonymous_11)","decl":{"start":{"line":122,"column":52},"end":{"line":122,"column":53}},"loc":{"start":{"line":122,"column":62},"end":{"line":122,"column":74}},"line":122},"12":{"name":"(anonymous_12)","decl":{"start":{"line":126,"column":14},"end":{"line":126,"column":15}},"loc":{"start":{"line":126,"column":24},"end":{"line":126,"column":58}},"line":126},"13":{"name":"(anonymous_13)","decl":{"start":{"line":133,"column":6},"end":{"line":133,"column":7}},"loc":{"start":{"line":133,"column":16},"end":{"line":133,"column":50}},"line":133},"14":{"name":"(anonymous_14)","decl":{"start":{"line":138,"column":2},"end":{"line":138,"column":3}},"loc":{"start":{"line":138,"column":26},"end":{"line":140,"column":3}},"line":138},"15":{"name":"(anonymous_15)","decl":{"start":{"line":142,"column":2},"end":{"line":142,"column":3}},"loc":{"start":{"line":143,"column":46},"end":{"line":145,"column":3}},"line":143},"16":{"name":"(anonymous_16)","decl":{"start":{"line":147,"column":2},"end":{"line":147,"column":3}},"loc":{"start":{"line":147,"column":26},"end":{"line":154,"column":3}},"line":147},"17":{"name":"(anonymous_17)","decl":{"start":{"line":156,"column":2},"end":{"line":156,"column":3}},"loc":{"start":{"line":157,"column":50},"end":{"line":159,"column":3}},"line":157},"18":{"name":"(anonymous_18)","decl":{"start":{"line":161,"column":2},"end":{"line":161,"column":3}},"loc":{"start":{"line":164,"column":4},"end":{"line":166,"column":3}},"line":164},"19":{"name":"(anonymous_19)","decl":{"start":{"line":168,"column":2},"end":{"line":168,"column":3}},"loc":{"start":{"line":168,"column":33},"end":{"line":170,"column":3}},"line":168},"20":{"name":"(anonymous_20)","decl":{"start":{"line":172,"column":2},"end":{"line":172,"column":3}},"loc":{"start":{"line":175,"column":4},"end":{"line":177,"column":3}},"line":175},"21":{"name":"(anonymous_21)","decl":{"start":{"line":179,"column":2},"end":{"line":179,"column":3}},"loc":{"start":{"line":179,"column":34},"end":{"line":181,"column":3}},"line":179},"22":{"name":"(anonymous_22)","decl":{"start":{"line":183,"column":2},"end":{"line":183,"column":3}},"loc":{"start":{"line":184,"column":50},"end":{"line":186,"column":3}},"line":184},"23":{"name":"(anonymous_23)","decl":{"start":{"line":188,"column":2},"end":{"line":188,"column":3}},"loc":{"start":{"line":188,"column":24},"end":{"line":190,"column":3}},"line":188},"24":{"name":"(anonymous_24)","decl":{"start":{"line":192,"column":2},"end":{"line":192,"column":3}},"loc":{"start":{"line":192,"column":26},"end":{"line":194,"column":3}},"line":192},"25":{"name":"(anonymous_25)","decl":{"start":{"line":196,"column":2},"end":{"line":196,"column":3}},"loc":{"start":{"line":197,"column":44},"end":{"line":199,"column":3}},"line":197},"26":{"name":"(anonymous_26)","decl":{"start":{"line":201,"column":2},"end":{"line":201,"column":3}},"loc":{"start":{"line":202,"column":53},"end":{"line":209,"column":3}},"line":202},"27":{"name":"(anonymous_27)","decl":{"start":{"line":203,"column":52},"end":{"line":203,"column":53}},"loc":{"start":{"line":203,"column":62},"end":{"line":203,"column":74}},"line":203},"28":{"name":"(anonymous_28)","decl":{"start":{"line":206,"column":6},"end":{"line":206,"column":7}},"loc":{"start":{"line":206,"column":16},"end":{"line":206,"column":50}},"line":206},"29":{"name":"(anonymous_29)","decl":{"start":{"line":212,"column":2},"end":{"line":212,"column":3}},"loc":{"start":{"line":217,"column":5},"end":{"line":221,"column":3}},"line":217},"30":{"name":"(anonymous_30)","decl":{"start":{"line":227,"column":2},"end":{"line":227,"column":3}},"loc":{"start":{"line":228,"column":42},"end":{"line":231,"column":3}},"line":228},"31":{"name":"(anonymous_31)","decl":{"start":{"line":233,"column":2},"end":{"line":233,"column":3}},"loc":{"start":{"line":234,"column":44},"end":{"line":238,"column":3}},"line":234},"32":{"name":"(anonymous_32)","decl":{"start":{"line":240,"column":2},"end":{"line":240,"column":3}},"loc":{"start":{"line":241,"column":47},"end":{"line":245,"column":3}},"line":241},"33":{"name":"(anonymous_33)","decl":{"start":{"line":247,"column":2},"end":{"line":247,"column":3}},"loc":{"start":{"line":248,"column":49},"end":{"line":252,"column":3}},"line":248},"34":{"name":"(anonymous_34)","decl":{"start":{"line":254,"column":2},"end":{"line":254,"column":3}},"loc":{"start":{"line":255,"column":73},"end":{"line":265,"column":3}},"line":255},"35":{"name":"(anonymous_35)","decl":{"start":{"line":267,"column":2},"end":{"line":267,"column":3}},"loc":{"start":{"line":268,"column":48},"end":{"line":270,"column":3}},"line":268},"36":{"name":"(anonymous_36)","decl":{"start":{"line":272,"column":2},"end":{"line":272,"column":3}},"loc":{"start":{"line":272,"column":27},"end":{"line":274,"column":3}},"line":272},"37":{"name":"(anonymous_37)","decl":{"start":{"line":276,"column":2},"end":{"line":276,"column":3}},"loc":{"start":{"line":276,"column":22},"end":{"line":278,"column":3}},"line":276},"38":{"name":"(anonymous_38)","decl":{"start":{"line":280,"column":2},"end":{"line":280,"column":3}},"loc":{"start":{"line":280,"column":44},"end":{"line":282,"column":3}},"line":280},"39":{"name":"(anonymous_39)","decl":{"start":{"line":284,"column":2},"end":{"line":284,"column":3}},"loc":{"start":{"line":284,"column":45},"end":{"line":286,"column":3}},"line":284},"40":{"name":"(anonymous_40)","decl":{"start":{"line":288,"column":2},"end":{"line":288,"column":3}},"loc":{"start":{"line":288,"column":46},"end":{"line":293,"column":3}},"line":288},"41":{"name":"(anonymous_41)","decl":{"start":{"line":291,"column":11},"end":{"line":291,"column":12}},"loc":{"start":{"line":291,"column":21},"end":{"line":291,"column":33}},"line":291},"42":{"name":"(anonymous_42)","decl":{"start":{"line":295,"column":2},"end":{"line":295,"column":3}},"loc":{"start":{"line":295,"column":44},"end":{"line":300,"column":3}},"line":295},"43":{"name":"(anonymous_43)","decl":{"start":{"line":298,"column":11},"end":{"line":298,"column":12}},"loc":{"start":{"line":298,"column":21},"end":{"line":298,"column":33}},"line":298},"44":{"name":"(anonymous_44)","decl":{"start":{"line":302,"column":2},"end":{"line":302,"column":3}},"loc":{"start":{"line":302,"column":46},"end":{"line":307,"column":3}},"line":302},"45":{"name":"(anonymous_45)","decl":{"start":{"line":305,"column":11},"end":{"line":305,"column":12}},"loc":{"start":{"line":305,"column":21},"end":{"line":305,"column":33}},"line":305},"46":{"name":"(anonymous_46)","decl":{"start":{"line":309,"column":2},"end":{"line":309,"column":3}},"loc":{"start":{"line":309,"column":28},"end":{"line":311,"column":3}},"line":309},"47":{"name":"(anonymous_47)","decl":{"start":{"line":313,"column":2},"end":{"line":313,"column":3}},"loc":{"start":{"line":313,"column":45},"end":{"line":315,"column":3}},"line":313},"48":{"name":"(anonymous_48)","decl":{"start":{"line":317,"column":2},"end":{"line":317,"column":3}},"loc":{"start":{"line":317,"column":36},"end":{"line":321,"column":3}},"line":317},"49":{"name":"(anonymous_49)","decl":{"start":{"line":323,"column":2},"end":{"line":323,"column":3}},"loc":{"start":{"line":323,"column":30},"end":{"line":325,"column":3}},"line":323},"50":{"name":"(anonymous_50)","decl":{"start":{"line":327,"column":2},"end":{"line":327,"column":3}},"loc":{"start":{"line":327,"column":31},"end":{"line":329,"column":3}},"line":327},"51":{"name":"(anonymous_51)","decl":{"start":{"line":332,"column":2},"end":{"line":332,"column":3}},"loc":{"start":{"line":335,"column":4},"end":{"line":347,"column":3}},"line":335},"52":{"name":"(anonymous_52)","decl":{"start":{"line":336,"column":27},"end":{"line":336,"column":28}},"loc":{"start":{"line":336,"column":43},"end":{"line":346,"column":5}},"line":336},"53":{"name":"(anonymous_53)","decl":{"start":{"line":338,"column":8},"end":{"line":338,"column":9}},"loc":{"start":{"line":338,"column":22},"end":{"line":338,"column":51}},"line":338},"54":{"name":"(anonymous_54)","decl":{"start":{"line":349,"column":2},"end":{"line":349,"column":3}},"loc":{"start":{"line":349,"column":40},"end":{"line":351,"column":3}},"line":349},"55":{"name":"(anonymous_55)","decl":{"start":{"line":353,"column":2},"end":{"line":353,"column":3}},"loc":{"start":{"line":354,"column":59},"end":{"line":356,"column":3}},"line":354},"56":{"name":"(anonymous_56)","decl":{"start":{"line":359,"column":2},"end":{"line":359,"column":3}},"loc":{"start":{"line":360,"column":41},"end":{"line":363,"column":3}},"line":360},"57":{"name":"(anonymous_57)","decl":{"start":{"line":365,"column":2},"end":{"line":365,"column":3}},"loc":{"start":{"line":366,"column":51},"end":{"line":369,"column":3}},"line":366},"58":{"name":"(anonymous_58)","decl":{"start":{"line":372,"column":2},"end":{"line":372,"column":3}},"loc":{"start":{"line":372,"column":37},"end":{"line":374,"column":3}},"line":372},"59":{"name":"(anonymous_59)","decl":{"start":{"line":376,"column":2},"end":{"line":376,"column":3}},"loc":{"start":{"line":377,"column":51},"end":{"line":379,"column":3}},"line":377},"60":{"name":"(anonymous_60)","decl":{"start":{"line":382,"column":2},"end":{"line":382,"column":3}},"loc":{"start":{"line":382,"column":39},"end":{"line":384,"column":3}},"line":382},"61":{"name":"(anonymous_61)","decl":{"start":{"line":386,"column":2},"end":{"line":386,"column":3}},"loc":{"start":{"line":387,"column":53},"end":{"line":389,"column":3}},"line":387},"62":{"name":"(anonymous_62)","decl":{"start":{"line":392,"column":2},"end":{"line":392,"column":3}},"loc":{"start":{"line":392,"column":40},"end":{"line":394,"column":3}},"line":392},"63":{"name":"(anonymous_63)","decl":{"start":{"line":396,"column":2},"end":{"line":396,"column":3}},"loc":{"start":{"line":397,"column":54},"end":{"line":399,"column":3}},"line":397},"64":{"name":"(anonymous_64)","decl":{"start":{"line":402,"column":2},"end":{"line":402,"column":3}},"loc":{"start":{"line":402,"column":38},"end":{"line":404,"column":3}},"line":402},"65":{"name":"(anonymous_65)","decl":{"start":{"line":406,"column":2},"end":{"line":406,"column":3}},"loc":{"start":{"line":407,"column":52},"end":{"line":409,"column":3}},"line":407},"66":{"name":"(anonymous_66)","decl":{"start":{"line":412,"column":2},"end":{"line":412,"column":3}},"loc":{"start":{"line":412,"column":38},"end":{"line":414,"column":3}},"line":412},"67":{"name":"(anonymous_67)","decl":{"start":{"line":416,"column":2},"end":{"line":416,"column":3}},"loc":{"start":{"line":417,"column":52},"end":{"line":419,"column":3}},"line":417},"68":{"name":"(anonymous_68)","decl":{"start":{"line":421,"column":2},"end":{"line":421,"column":3}},"loc":{"start":{"line":424,"column":14},"end":{"line":437,"column":3}},"line":424},"69":{"name":"(anonymous_69)","decl":{"start":{"line":428,"column":26},"end":{"line":428,"column":27}},"loc":{"start":{"line":428,"column":37},"end":{"line":428,"column":70}},"line":428}},"branchMap":{"0":{"loc":{"start":{"line":111,"column":10},"end":{"line":111,"column":52}},"type":"binary-expr","locations":[{"start":{"line":111,"column":10},"end":{"line":111,"column":46}},{"start":{"line":111,"column":50},"end":{"line":111,"column":52}}],"line":111},"1":{"loc":{"start":{"line":130,"column":4},"end":{"line":130,"column":42}},"type":"if","locations":[{"start":{"line":130,"column":4},"end":{"line":130,"column":42}},{"start":{},"end":{}}],"line":130},"2":{"loc":{"start":{"line":150,"column":4},"end":{"line":150,"column":40}},"type":"if","locations":[{"start":{"line":150,"column":4},"end":{"line":150,"column":40}},{"start":{},"end":{}}],"line":150},"3":{"loc":{"start":{"line":314,"column":11},"end":{"line":314,"column":55}},"type":"cond-expr","locations":[{"start":{"line":314,"column":37},"end":{"line":314,"column":45}},{"start":{"line":314,"column":48},"end":{"line":314,"column":55}}],"line":314},"4":{"loc":{"start":{"line":318,"column":11},"end":{"line":320,"column":19}},"type":"cond-expr","locations":[{"start":{"line":319,"column":8},"end":{"line":319,"column":19}},{"start":{"line":320,"column":8},"end":{"line":320,"column":19}}],"line":318},"5":{"loc":{"start":{"line":324,"column":11},"end":{"line":324,"column":61}},"type":"binary-expr","locations":[{"start":{"line":324,"column":11},"end":{"line":324,"column":33}},{"start":{"line":324,"column":37},"end":{"line":324,"column":61}}],"line":324}},"s":{"0":6,"1":6,"2":6,"3":6,"4":6,"5":6,"6":6,"7":6,"8":6,"9":6,"10":6,"11":6,"12":1,"13":1,"14":1,"15":1,"16":0,"17":0,"18":0,"19":1,"20":1,"21":1,"22":0,"23":0,"24":0,"25":0,"26":0,"27":0,"28":0,"29":0,"30":0,"31":0,"32":0,"33":0,"34":0,"35":0,"36":0,"37":0,"38":0,"39":0,"40":0,"41":1,"42":0,"43":0,"44":0,"45":0,"46":1,"47":0,"48":1,"49":1,"50":0,"51":0,"52":0,"53":0,"54":0,"55":0,"56":0,"57":0,"58":0,"59":0,"60":0,"61":0,"62":0,"63":0,"64":0,"65":0,"66":0,"67":0,"68":0,"69":0,"70":0,"71":0,"72":0,"73":0,"74":3,"75":0,"76":0,"77":4,"78":1,"79":3,"80":1,"81":2,"82":1,"83":0,"84":0,"85":0,"86":0,"87":0,"88":0,"89":0,"90":0,"91":0,"92":0,"93":0,"94":0,"95":0,"96":0,"97":0,"98":0,"99":0,"100":0,"101":0,"102":0,"103":0,"104":0,"105":0,"106":0,"107":0,"108":0,"109":0,"110":0,"111":0},"f":{"0":6,"1":6,"2":1,"3":1,"4":1,"5":0,"6":0,"7":1,"8":1,"9":1,"10":0,"11":0,"12":0,"13":0,"14":0,"15":0,"16":0,"17":1,"18":0,"19":0,"20":0,"21":0,"22":1,"23":0,"24":1,"25":1,"26":0,"27":0,"28":0,"29":0,"30":0,"31":0,"32":0,"33":0,"34":0,"35":0,"36":0,"37":3,"38":0,"39":0,"40":4,"41":1,"42":3,"43":1,"44":2,"45":1,"46":0,"47":0,"48":0,"49":0,"50":0,"51":0,"52":0,"53":0,"54":0,"55":0,"56":0,"57":0,"58":0,"59":0,"60":0,"61":0,"62":0,"63":0,"64":0,"65":0,"66":0,"67":0,"68":0,"69":0},"b":{"0":[1,0],"1":[0,0],"2":[0,0],"3":[0,0],"4":[0,0],"5":[0,0]},"_coverageSchema":"1a1c01bbd47fc00a2c39e90264f33305004495a9","hash":"2995d510efceb2d9dce1138029e1d9cfa29a0e4c"}
,"/Users/aonotakeshi/workspace/DeviceFieldPlay/stores/UserStore.ts": {"path":"/Users/aonotakeshi/workspace/DeviceFieldPlay/stores/UserStore.ts","statementMap":{"0":{"start":{"line":6,"column":26},"end":{"line":10,"column":1}},"1":{"start":{"line":17,"column":4},"end":{"line":17,"column":25}},"2":{"start":{"line":18,"column":4},"end":{"line":18,"column":22}},"3":{"start":{"line":23,"column":4},"end":{"line":23,"column":73}},"4":{"start":{"line":28,"column":4},"end":{"line":28,"column":35}},"5":{"start":{"line":32,"column":4},"end":{"line":32,"column":28}},"6":{"start":{"line":36,"column":4},"end":{"line":36,"column":68}},"7":{"start":{"line":40,"column":4},"end":{"line":41,"column":42}},"8":{"start":{"line":41,"column":6},"end":{"line":41,"column":42}},"9":{"start":{"line":42,"column":4},"end":{"line":43,"column":40}},"10":{"start":{"line":43,"column":6},"end":{"line":43,"column":40}},"11":{"start":{"line":44,"column":4},"end":{"line":45,"column":42}},"12":{"start":{"line":45,"column":6},"end":{"line":45,"column":42}},"13":{"start":{"line":46,"column":4},"end":{"line":46,"column":52}}},"fnMap":{"0":{"name":"(anonymous_0)","decl":{"start":{"line":16,"column":2},"end":{"line":16,"column":3}},"loc":{"start":{"line":16,"column":16},"end":{"line":19,"column":3}},"line":16},"1":{"name":"(anonymous_1)","decl":{"start":{"line":21,"column":2},"end":{"line":21,"column":3}},"loc":{"start":{"line":22,"column":22},"end":{"line":24,"column":3}},"line":22},"2":{"name":"(anonymous_2)","decl":{"start":{"line":26,"column":2},"end":{"line":26,"column":3}},"loc":{"start":{"line":27,"column":42},"end":{"line":29,"column":3}},"line":27},"3":{"name":"(anonymous_3)","decl":{"start":{"line":31,"column":2},"end":{"line":31,"column":3}},"loc":{"start":{"line":31,"column":26},"end":{"line":33,"column":3}},"line":31},"4":{"name":"(anonymous_4)","decl":{"start":{"line":35,"column":2},"end":{"line":35,"column":3}},"loc":{"start":{"line":35,"column":62},"end":{"line":37,"column":3}},"line":35},"5":{"name":"(anonymous_5)","decl":{"start":{"line":39,"column":2},"end":{"line":39,"column":3}},"loc":{"start":{"line":39,"column":55},"end":{"line":47,"column":3}},"line":39}},"branchMap":{"0":{"loc":{"start":{"line":40,"column":4},"end":{"line":41,"column":42}},"type":"if","locations":[{"start":{"line":40,"column":4},"end":{"line":41,"column":42}},{"start":{},"end":{}}],"line":40},"1":{"loc":{"start":{"line":42,"column":4},"end":{"line":43,"column":40}},"type":"if","locations":[{"start":{"line":42,"column":4},"end":{"line":43,"column":40}},{"start":{},"end":{}}],"line":42},"2":{"loc":{"start":{"line":44,"column":4},"end":{"line":45,"column":42}},"type":"if","locations":[{"start":{"line":44,"column":4},"end":{"line":45,"column":42}},{"start":{},"end":{}}],"line":44}},"s":{"0":1,"1":1,"2":1,"3":2,"4":1,"5":21,"6":2,"7":4,"8":1,"9":3,"10":1,"11":2,"12":1,"13":1},"f":{"0":1,"1":2,"2":1,"3":21,"4":2,"5":4},"b":{"0":[1,3],"1":[1,2],"2":[1,1]},"_coverageSchema":"1a1c01bbd47fc00a2c39e90264f33305004495a9","hash":"9e2ef5859c311345e15ef7d0305ee4efab1ef341"}
}
