TN:
SF:models/TagGameModel.ts
FN:28,(anonymous_0)
FN:53,(anonymous_1)
FN:57,(anonymous_2)
FN:62,(anonymous_3)
FN:66,(anonymous_4)
FN:71,(anonymous_5)
FN:75,(anonymous_6)
FN:80,(anonymous_7)
FN:84,(anonymous_8)
FN:89,(anonymous_9)
FN:93,(anonymous_10)
FN:98,(anonymous_11)
FN:102,(anonymous_12)
FN:108,(anonymous_13)
FN:112,(anonymous_14)
FN:116,(anonymous_15)
FN:121,(anonymous_16)
FN:125,(anonymous_17)
FN:132,(anonymous_18)
FN:136,(anonymous_19)
FN:143,(anonymous_20)
FN:147,(anonymous_21)
FN:151,(anonymous_22)
FN:155,(anonymous_23)
FN:159,(anonymous_24)
FN:163,(anonymous_25)
FN:167,(anonymous_26)
FN:169,(anonymous_27)
FN:170,(anonymous_28)
FN:171,(anonymous_29)
FN:175,(anonymous_30)
FN:178,(anonymous_31)
FN:179,(anonymous_32)
FN:183,(anonymous_33)
FNF:34
FNH:23
FNDA:45,(anonymous_0)
FNDA:2,(anonymous_1)
FNDA:1,(anonymous_2)
FNDA:31,(anonymous_3)
FNDA:65,(anonymous_4)
FNDA:18,(anonymous_5)
FNDA:52,(anonymous_6)
FNDA:1,(anonymous_7)
FNDA:1,(anonymous_8)
FNDA:4,(anonymous_9)
FNDA:2,(anonymous_10)
FNDA:2,(anonymous_11)
FNDA:1,(anonymous_12)
FNDA:0,(anonymous_13)
FNDA:0,(anonymous_14)
FNDA:0,(anonymous_15)
FNDA:1,(anonymous_16)
FNDA:1,(anonymous_17)
FNDA:1,(anonymous_18)
FNDA:1,(anonymous_19)
FNDA:23,(anonymous_20)
FNDA:55,(anonymous_21)
FNDA:0,(anonymous_22)
FNDA:0,(anonymous_23)
FNDA:0,(anonymous_24)
FNDA:0,(anonymous_25)
FNDA:2,(anonymous_26)
FNDA:2,(anonymous_27)
FNDA:2,(anonymous_28)
FNDA:2,(anonymous_29)
FNDA:0,(anonymous_30)
FNDA:0,(anonymous_31)
FNDA:0,(anonymous_32)
FNDA:0,(anonymous_33)
DA:36,45
DA:37,45
DA:38,45
DA:39,45
DA:40,45
DA:41,45
DA:42,45
DA:43,45
DA:44,45
DA:46,45
DA:47,45
DA:49,45
DA:54,2
DA:58,1
DA:63,31
DA:67,65
DA:72,18
DA:76,52
DA:81,1
DA:85,1
DA:90,4
DA:94,2
DA:99,2
DA:103,1
DA:104,1
DA:109,0
DA:113,0
DA:117,0
DA:122,1
DA:128,1
DA:133,1
DA:139,1
DA:144,23
DA:148,55
DA:152,0
DA:156,0
DA:160,0
DA:164,0
DA:168,2
DA:169,2
DA:170,2
DA:171,2
DA:176,0
DA:178,0
DA:179,0
DA:183,0
LF:46
LH:35
BRDA:29,0,0,0
BRDA:43,1,0,1
BRDA:43,1,1,44
BRDA:184,2,0,0
BRDA:184,2,1,0
BRF:5
BRH:2
end_of_record
TN:
SF:models/UserModel.ts
FN:18,(anonymous_0)
FN:26,(anonymous_1)
FN:30,(anonymous_2)
FN:34,(anonymous_3)
FN:38,(anonymous_4)
FN:42,(anonymous_5)
FN:46,(anonymous_6)
FN:50,(anonymous_7)
FN:54,(anonymous_8)
FNF:9
FNH:7
FNDA:195,(anonymous_0)
FNDA:81,(anonymous_1)
FNDA:1,(anonymous_2)
FNDA:3,(anonymous_3)
FNDA:1,(anonymous_4)
FNDA:1,(anonymous_5)
FNDA:0,(anonymous_6)
FNDA:2,(anonymous_7)
FNDA:0,(anonymous_8)
DA:19,195
DA:20,195
DA:21,195
DA:23,195
DA:27,81
DA:31,1
DA:35,3
DA:39,1
DA:43,1
DA:47,0
DA:51,2
DA:55,0
LF:12
LH:10
BRF:0
BRH:0
end_of_record
TN:
SF:stores/TagGameStore.ts
FN:39,(anonymous_0)
FN:44,(anonymous_1)
FN:69,(anonymous_2)
FN:74,(anonymous_3)
FN:76,(anonymous_4)
FN:82,(anonymous_5)
FN:84,(anonymous_6)
FN:90,(anonymous_7)
FN:99,(anonymous_8)
FN:108,(anonymous_9)
FN:120,(anonymous_10)
FN:122,(anonymous_11)
FN:126,(anonymous_12)
FN:133,(anonymous_13)
FN:138,(anonymous_14)
FN:142,(anonymous_15)
FN:147,(anonymous_16)
FN:156,(anonymous_17)
FN:161,(anonymous_18)
FN:168,(anonymous_19)
FN:172,(anonymous_20)
FN:179,(anonymous_21)
FN:183,(anonymous_22)
FN:188,(anonymous_23)
FN:192,(anonymous_24)
FN:196,(anonymous_25)
FN:201,(anonymous_26)
FN:203,(anonymous_27)
FN:206,(anonymous_28)
FN:212,(anonymous_29)
FN:227,(anonymous_30)
FN:233,(anonymous_31)
FN:240,(anonymous_32)
FN:247,(anonymous_33)
FN:254,(anonymous_34)
FN:267,(anonymous_35)
FN:272,(anonymous_36)
FN:276,(anonymous_37)
FN:280,(anonymous_38)
FN:284,(anonymous_39)
FN:288,(anonymous_40)
FN:291,(anonymous_41)
FN:295,(anonymous_42)
FN:298,(anonymous_43)
FN:302,(anonymous_44)
FN:305,(anonymous_45)
FN:309,(anonymous_46)
FN:313,(anonymous_47)
FN:317,(anonymous_48)
FN:323,(anonymous_49)
FN:327,(anonymous_50)
FN:332,(anonymous_51)
FN:336,(anonymous_52)
FN:338,(anonymous_53)
FN:349,(anonymous_54)
FN:353,(anonymous_55)
FN:359,(anonymous_56)
FN:365,(anonymous_57)
FN:372,(anonymous_58)
FN:376,(anonymous_59)
FN:382,(anonymous_60)
FN:386,(anonymous_61)
FN:392,(anonymous_62)
FN:396,(anonymous_63)
FN:402,(anonymous_64)
FN:406,(anonymous_65)
FN:412,(anonymous_66)
FN:416,(anonymous_67)
FN:421,(anonymous_68)
FN:428,(anonymous_69)
FNF:70
FNH:69
FNDA:44,(anonymous_0)
FNDA:44,(anonymous_1)
FNDA:1,(anonymous_2)
FNDA:1,(anonymous_3)
FNDA:1,(anonymous_4)
FNDA:2,(anonymous_5)
FNDA:6,(anonymous_6)
FNDA:65,(anonymous_7)
FNDA:3,(anonymous_8)
FNDA:3,(anonymous_9)
FNDA:5,(anonymous_10)
FNDA:7,(anonymous_11)
FNDA:8,(anonymous_12)
FNDA:5,(anonymous_13)
FNDA:2,(anonymous_14)
FNDA:1,(anonymous_15)
FNDA:0,(anonymous_16)
FNDA:52,(anonymous_17)
FNDA:1,(anonymous_18)
FNDA:1,(anonymous_19)
FNDA:1,(anonymous_20)
FNDA:1,(anonymous_21)
FNDA:55,(anonymous_22)
FNDA:18,(anonymous_23)
FNDA:17,(anonymous_24)
FNDA:3,(anonymous_25)
FNDA:5,(anonymous_26)
FNDA:6,(anonymous_27)
FNDA:6,(anonymous_28)
FNDA:1,(anonymous_29)
FNDA:1,(anonymous_30)
FNDA:1,(anonymous_31)
FNDA:1,(anonymous_32)
FNDA:1,(anonymous_33)
FNDA:1,(anonymous_34)
FNDA:4,(anonymous_35)
FNDA:4,(anonymous_36)
FNDA:13,(anonymous_37)
FNDA:2,(anonymous_38)
FNDA:2,(anonymous_39)
FNDA:6,(anonymous_40)
FNDA:3,(anonymous_41)
FNDA:5,(anonymous_42)
FNDA:3,(anonymous_43)
FNDA:4,(anonymous_44)
FNDA:3,(anonymous_45)
FNDA:10,(anonymous_46)
FNDA:4,(anonymous_47)
FNDA:2,(anonymous_48)
FNDA:3,(anonymous_49)
FNDA:2,(anonymous_50)
FNDA:3,(anonymous_51)
FNDA:3,(anonymous_52)
FNDA:6,(anonymous_53)
FNDA:2,(anonymous_54)
FNDA:1,(anonymous_55)
FNDA:2,(anonymous_56)
FNDA:1,(anonymous_57)
FNDA:2,(anonymous_58)
FNDA:1,(anonymous_59)
FNDA:2,(anonymous_60)
FNDA:1,(anonymous_61)
FNDA:2,(anonymous_62)
FNDA:1,(anonymous_63)
FNDA:2,(anonymous_64)
FNDA:1,(anonymous_65)
FNDA:2,(anonymous_66)
FNDA:1,(anonymous_67)
FNDA:2,(anonymous_68)
FNDA:8,(anonymous_69)
DA:40,44
DA:41,44
DA:46,44
DA:57,44
DA:58,44
DA:60,44
DA:61,44
DA:62,44
DA:63,44
DA:64,44
DA:65,44
DA:66,44
DA:71,1
DA:76,1
DA:77,1
DA:79,1
DA:84,2
DA:85,6
DA:87,2
DA:92,65
DA:101,3
DA:110,3
DA:122,7
DA:124,5
DA:126,8
DA:127,5
DA:129,5
DA:130,5
DA:132,5
DA:133,5
DA:135,5
DA:139,2
DA:144,1
DA:148,0
DA:149,0
DA:150,0
DA:152,0
DA:153,0
DA:158,52
DA:165,1
DA:169,1
DA:176,1
DA:180,1
DA:185,55
DA:189,18
DA:193,17
DA:198,3
DA:203,6
DA:205,5
DA:206,6
DA:208,5
DA:218,1
DA:219,1
DA:220,1
DA:229,1
DA:230,1
DA:235,1
DA:236,1
DA:237,1
DA:242,1
DA:243,1
DA:244,1
DA:249,1
DA:250,1
DA:251,1
DA:256,1
DA:259,1
DA:262,1
DA:269,4
DA:273,4
DA:277,13
DA:281,2
DA:285,2
DA:289,6
DA:291,3
DA:296,5
DA:298,3
DA:303,4
DA:305,3
DA:310,10
DA:314,4
DA:318,2
DA:324,3
DA:328,2
DA:336,3
DA:337,3
DA:338,6
DA:341,3
DA:350,2
DA:355,1
DA:361,2
DA:362,2
DA:367,1
DA:368,1
DA:373,2
DA:378,1
DA:383,2
DA:388,1
DA:393,2
DA:398,1
DA:403,2
DA:408,1
DA:413,2
DA:418,1
DA:425,2
DA:426,2
DA:428,8
DA:433,2
LF:108
LH:103
BRDA:111,0,0,3
BRDA:111,0,1,0
BRDA:130,1,0,0
BRDA:130,1,1,5
BRDA:150,2,0,0
BRDA:150,2,1,0
BRDA:314,3,0,2
BRDA:314,3,1,2
BRDA:318,4,0,1
BRDA:318,4,1,1
BRDA:324,5,0,3
BRDA:324,5,1,2
BRF:12
BRH:8
end_of_record
TN:
SF:stores/UserStore.ts
FN:16,(anonymous_0)
FN:21,(anonymous_1)
FN:26,(anonymous_2)
FN:31,(anonymous_3)
FN:35,(anonymous_4)
FN:39,(anonymous_5)
FNF:6
FNH:6
FNDA:1,(anonymous_0)
FNDA:2,(anonymous_1)
FNDA:1,(anonymous_2)
FNDA:21,(anonymous_3)
FNDA:2,(anonymous_4)
FNDA:4,(anonymous_5)
DA:6,1
DA:17,1
DA:18,1
DA:23,2
DA:28,1
DA:32,21
DA:36,2
DA:40,4
DA:41,1
DA:42,3
DA:43,1
DA:44,2
DA:45,1
DA:46,1
LF:14
LH:14
BRDA:40,0,0,1
BRDA:40,0,1,3
BRDA:42,1,0,1
BRDA:42,1,1,2
BRDA:44,2,0,1
BRDA:44,2,1,1
BRF:6
BRH:6
end_of_record
