TN:
SF:models/TagGameModel.ts
FN:26,(anonymous_0)
FN:51,(anonymous_1)
FN:55,(anonymous_2)
FN:60,(anonymous_3)
FN:64,(anonymous_4)
FN:69,(anonymous_5)
FN:73,(anonymous_6)
FN:78,(anonymous_7)
FN:82,(anonymous_8)
FN:87,(anonymous_9)
FN:91,(anonymous_10)
FN:96,(anonymous_11)
FN:100,(anonymous_12)
FN:106,(anonymous_13)
FN:110,(anonymous_14)
FN:114,(anonymous_15)
FN:119,(anonymous_16)
FN:123,(anonymous_17)
FN:130,(anonymous_18)
FN:134,(anonymous_19)
FN:141,(anonymous_20)
FN:145,(anonymous_21)
FN:149,(anonymous_22)
FN:153,(anonymous_23)
FN:157,(anonymous_24)
FN:161,(anonymous_25)
FN:165,(anonymous_26)
FN:167,(anonymous_27)
FN:168,(anonymous_28)
FN:169,(anonymous_29)
FN:173,(anonymous_30)
FN:176,(anonymous_31)
FN:177,(anonymous_32)
FN:181,(anonymous_33)
FNF:34
FNH:9
FNDA:5,(anonymous_0)
FNDA:0,(anonymous_1)
FNDA:0,(anonymous_2)
FNDA:4,(anonymous_3)
FNDA:1,(anonymous_4)
FNDA:3,(anonymous_5)
FNDA:1,(anonymous_6)
FNDA:0,(anonymous_7)
FNDA:0,(anonymous_8)
FNDA:0,(anonymous_9)
FNDA:0,(anonymous_10)
FNDA:2,(anonymous_11)
FNDA:1,(anonymous_12)
FNDA:0,(anonymous_13)
FNDA:0,(anonymous_14)
FNDA:0,(anonymous_15)
FNDA:0,(anonymous_16)
FNDA:0,(anonymous_17)
FNDA:0,(anonymous_18)
FNDA:0,(anonymous_19)
FNDA:5,(anonymous_20)
FNDA:1,(anonymous_21)
FNDA:0,(anonymous_22)
FNDA:0,(anonymous_23)
FNDA:0,(anonymous_24)
FNDA:0,(anonymous_25)
FNDA:0,(anonymous_26)
FNDA:0,(anonymous_27)
FNDA:0,(anonymous_28)
FNDA:0,(anonymous_29)
FNDA:0,(anonymous_30)
FNDA:0,(anonymous_31)
FNDA:0,(anonymous_32)
FNDA:0,(anonymous_33)
DA:34,5
DA:35,5
DA:36,5
DA:37,5
DA:38,5
DA:39,5
DA:40,5
DA:41,5
DA:42,5
DA:44,5
DA:45,5
DA:47,5
DA:52,0
DA:56,0
DA:61,4
DA:65,1
DA:70,3
DA:74,1
DA:79,0
DA:83,0
DA:88,0
DA:92,0
DA:97,2
DA:101,1
DA:102,1
DA:107,0
DA:111,0
DA:115,0
DA:120,0
DA:126,0
DA:131,0
DA:137,0
DA:142,5
DA:146,1
DA:150,0
DA:154,0
DA:158,0
DA:162,0
DA:166,0
DA:167,0
DA:168,0
DA:169,0
DA:174,0
DA:176,0
DA:177,0
DA:181,0
LF:46
LH:21
BRDA:27,0,0,0
BRDA:41,1,0,0
BRDA:41,1,1,5
BRDA:182,2,0,0
BRDA:182,2,1,0
BRF:5
BRH:1
end_of_record
TN:
SF:models/UserModel.ts
FN:18,(anonymous_0)
FN:26,(anonymous_1)
FN:30,(anonymous_2)
FN:34,(anonymous_3)
FN:38,(anonymous_4)
FN:42,(anonymous_5)
FN:46,(anonymous_6)
FN:50,(anonymous_7)
FN:54,(anonymous_8)
FNF:9
FNH:6
FNDA:1,(anonymous_0)
FNDA:13,(anonymous_1)
FNDA:1,(anonymous_2)
FNDA:2,(anonymous_3)
FNDA:1,(anonymous_4)
FNDA:0,(anonymous_5)
FNDA:0,(anonymous_6)
FNDA:2,(anonymous_7)
FNDA:0,(anonymous_8)
DA:19,1
DA:20,1
DA:21,1
DA:23,1
DA:27,13
DA:31,1
DA:35,2
DA:39,1
DA:43,0
DA:47,0
DA:51,2
DA:55,0
LF:12
LH:9
BRF:0
BRH:0
end_of_record
TN:
SF:stores/TagGameStore.ts
FN:39,(anonymous_0)
FN:44,(anonymous_1)
FN:69,(anonymous_2)
FN:74,(anonymous_3)
FN:76,(anonymous_4)
FN:82,(anonymous_5)
FN:84,(anonymous_6)
FN:90,(anonymous_7)
FN:99,(anonymous_8)
FN:108,(anonymous_9)
FN:120,(anonymous_10)
FN:122,(anonymous_11)
FN:126,(anonymous_12)
FN:133,(anonymous_13)
FN:138,(anonymous_14)
FN:142,(anonymous_15)
FN:147,(anonymous_16)
FN:156,(anonymous_17)
FN:161,(anonymous_18)
FN:168,(anonymous_19)
FN:172,(anonymous_20)
FN:179,(anonymous_21)
FN:183,(anonymous_22)
FN:188,(anonymous_23)
FN:192,(anonymous_24)
FN:196,(anonymous_25)
FN:201,(anonymous_26)
FN:203,(anonymous_27)
FN:206,(anonymous_28)
FN:212,(anonymous_29)
FN:227,(anonymous_30)
FN:233,(anonymous_31)
FN:240,(anonymous_32)
FN:247,(anonymous_33)
FN:254,(anonymous_34)
FN:267,(anonymous_35)
FN:272,(anonymous_36)
FN:276,(anonymous_37)
FN:280,(anonymous_38)
FN:284,(anonymous_39)
FN:288,(anonymous_40)
FN:291,(anonymous_41)
FN:295,(anonymous_42)
FN:298,(anonymous_43)
FN:302,(anonymous_44)
FN:305,(anonymous_45)
FN:309,(anonymous_46)
FN:313,(anonymous_47)
FN:317,(anonymous_48)
FN:323,(anonymous_49)
FN:327,(anonymous_50)
FN:332,(anonymous_51)
FN:336,(anonymous_52)
FN:338,(anonymous_53)
FN:349,(anonymous_54)
FN:353,(anonymous_55)
FN:359,(anonymous_56)
FN:365,(anonymous_57)
FN:372,(anonymous_58)
FN:376,(anonymous_59)
FN:382,(anonymous_60)
FN:386,(anonymous_61)
FN:392,(anonymous_62)
FN:396,(anonymous_63)
FN:402,(anonymous_64)
FN:406,(anonymous_65)
FN:412,(anonymous_66)
FN:416,(anonymous_67)
FN:421,(anonymous_68)
FN:428,(anonymous_69)
FNF:70
FNH:16
FNDA:5,(anonymous_0)
FNDA:5,(anonymous_1)
FNDA:0,(anonymous_2)
FNDA:0,(anonymous_3)
FNDA:0,(anonymous_4)
FNDA:0,(anonymous_5)
FNDA:0,(anonymous_6)
FNDA:1,(anonymous_7)
FNDA:1,(anonymous_8)
FNDA:1,(anonymous_9)
FNDA:0,(anonymous_10)
FNDA:0,(anonymous_11)
FNDA:0,(anonymous_12)
FNDA:0,(anonymous_13)
FNDA:0,(anonymous_14)
FNDA:0,(anonymous_15)
FNDA:0,(anonymous_16)
FNDA:1,(anonymous_17)
FNDA:0,(anonymous_18)
FNDA:0,(anonymous_19)
FNDA:0,(anonymous_20)
FNDA:0,(anonymous_21)
FNDA:1,(anonymous_22)
FNDA:0,(anonymous_23)
FNDA:1,(anonymous_24)
FNDA:1,(anonymous_25)
FNDA:0,(anonymous_26)
FNDA:0,(anonymous_27)
FNDA:0,(anonymous_28)
FNDA:0,(anonymous_29)
FNDA:0,(anonymous_30)
FNDA:0,(anonymous_31)
FNDA:0,(anonymous_32)
FNDA:0,(anonymous_33)
FNDA:0,(anonymous_34)
FNDA:0,(anonymous_35)
FNDA:0,(anonymous_36)
FNDA:1,(anonymous_37)
FNDA:0,(anonymous_38)
FNDA:0,(anonymous_39)
FNDA:4,(anonymous_40)
FNDA:1,(anonymous_41)
FNDA:3,(anonymous_42)
FNDA:1,(anonymous_43)
FNDA:2,(anonymous_44)
FNDA:1,(anonymous_45)
FNDA:0,(anonymous_46)
FNDA:0,(anonymous_47)
FNDA:0,(anonymous_48)
FNDA:0,(anonymous_49)
FNDA:0,(anonymous_50)
FNDA:0,(anonymous_51)
FNDA:0,(anonymous_52)
FNDA:0,(anonymous_53)
FNDA:0,(anonymous_54)
FNDA:0,(anonymous_55)
FNDA:0,(anonymous_56)
FNDA:0,(anonymous_57)
FNDA:0,(anonymous_58)
FNDA:0,(anonymous_59)
FNDA:0,(anonymous_60)
FNDA:0,(anonymous_61)
FNDA:0,(anonymous_62)
FNDA:0,(anonymous_63)
FNDA:0,(anonymous_64)
FNDA:0,(anonymous_65)
FNDA:0,(anonymous_66)
FNDA:0,(anonymous_67)
FNDA:0,(anonymous_68)
FNDA:0,(anonymous_69)
DA:40,5
DA:41,5
DA:46,5
DA:57,5
DA:58,5
DA:60,5
DA:61,5
DA:62,5
DA:63,5
DA:64,5
DA:65,5
DA:66,5
DA:71,0
DA:76,0
DA:77,0
DA:79,0
DA:84,0
DA:85,0
DA:87,0
DA:92,1
DA:101,1
DA:110,1
DA:122,0
DA:124,0
DA:126,0
DA:127,0
DA:129,0
DA:130,0
DA:132,0
DA:133,0
DA:135,0
DA:139,0
DA:144,0
DA:148,0
DA:149,0
DA:150,0
DA:152,0
DA:153,0
DA:158,1
DA:165,0
DA:169,0
DA:176,0
DA:180,0
DA:185,1
DA:189,0
DA:193,1
DA:198,1
DA:203,0
DA:205,0
DA:206,0
DA:208,0
DA:218,0
DA:219,0
DA:220,0
DA:229,0
DA:230,0
DA:235,0
DA:236,0
DA:237,0
DA:242,0
DA:243,0
DA:244,0
DA:249,0
DA:250,0
DA:251,0
DA:256,0
DA:259,0
DA:262,0
DA:269,0
DA:273,0
DA:277,1
DA:281,0
DA:285,0
DA:289,4
DA:291,1
DA:296,3
DA:298,1
DA:303,2
DA:305,1
DA:310,0
DA:314,0
DA:318,0
DA:324,0
DA:328,0
DA:336,0
DA:337,0
DA:338,0
DA:341,0
DA:350,0
DA:355,0
DA:361,0
DA:362,0
DA:367,0
DA:368,0
DA:373,0
DA:378,0
DA:383,0
DA:388,0
DA:393,0
DA:398,0
DA:403,0
DA:408,0
DA:413,0
DA:418,0
DA:425,0
DA:426,0
DA:428,0
DA:433,0
LF:108
LH:26
BRDA:111,0,0,1
BRDA:111,0,1,0
BRDA:130,1,0,0
BRDA:130,1,1,0
BRDA:150,2,0,0
BRDA:150,2,1,0
BRDA:314,3,0,0
BRDA:314,3,1,0
BRDA:318,4,0,0
BRDA:318,4,1,0
BRDA:324,5,0,0
BRDA:324,5,1,0
BRF:12
BRH:1
end_of_record
TN:
SF:stores/UserStore.ts
FN:16,(anonymous_0)
FN:21,(anonymous_1)
FN:26,(anonymous_2)
FN:31,(anonymous_3)
FN:35,(anonymous_4)
FN:39,(anonymous_5)
FNF:6
FNH:6
FNDA:1,(anonymous_0)
FNDA:1,(anonymous_1)
FNDA:1,(anonymous_2)
FNDA:18,(anonymous_3)
FNDA:2,(anonymous_4)
FNDA:4,(anonymous_5)
DA:6,1
DA:17,1
DA:18,1
DA:23,1
DA:28,1
DA:32,18
DA:36,2
DA:40,4
DA:41,1
DA:42,3
DA:43,1
DA:44,2
DA:45,1
DA:46,1
LF:14
LH:14
BRDA:40,0,0,1
BRDA:40,0,1,3
BRDA:42,1,0,1
BRDA:42,1,1,2
BRDA:44,2,0,1
BRDA:44,2,1,1
BRF:6
BRH:6
end_of_record
